[debug] [2025-05-10T19:15:34.296Z] ----------------------------------------------------------------------
[debug] [2025-05-10T19:15:34.297Z] Command:       C:\Program Files\nodejs\node.exe C:\Users\Eva Aksnes\AppData\Roaming\npm\node_modules\firebase-tools\lib\bin\firebase.js init
[debug] [2025-05-10T19:15:34.297Z] CLI Version:   14.3.1
[debug] [2025-05-10T19:15:34.298Z] Platform:      win32
[debug] [2025-05-10T19:15:34.298Z] Node Version:  v22.13.1
[debug] [2025-05-10T19:15:34.298Z] Time:          Sat May 10 2025 21:15:34 GMT+0200 (sentraleuropeisk sommertid)
[debug] [2025-05-10T19:15:34.298Z] ----------------------------------------------------------------------
[debug] 
[debug] [2025-05-10T19:15:34.299Z] >>> [apiv2][query] GET https://firebase-public.firebaseio.com/cli.json [none]
[debug] [2025-05-10T19:15:34.323Z] > command requires scopes: ["email","openid","https://www.googleapis.com/auth/cloudplatformprojects.readonly","https://www.googleapis.com/auth/firebase","https://www.googleapis.com/auth/cloud-platform"]
[debug] [2025-05-10T19:15:34.324Z] > authorizing via signed-in user (aevaksnes@gmail.com)
[info] 
     ######## #### ########  ######## ########     ###     ######  ########
     ##        ##  ##     ## ##       ##     ##  ##   ##  ##       ##
     ######    ##  ########  ######   ########  #########  ######  ######
     ##        ##  ##    ##  ##       ##     ## ##     ##       ## ##
     ##       #### ##     ## ######## ########  ##     ##  ######  ########

You're about to initialize a Firebase project in this directory:

  C:\My Projects\recipe-app-with-auth

Before we get started, keep in mind:

  * You are currently outside your home directory

[debug] [2025-05-10T19:15:34.659Z] <<< [apiv2][status] GET https://firebase-public.firebaseio.com/cli.json 200
[debug] [2025-05-10T19:15:34.659Z] <<< [apiv2][body] GET https://firebase-public.firebaseio.com/cli.json {"cloudBuildErrorAfter":1594252800000,"cloudBuildWarnAfter":1590019200000,"defaultNode10After":1594252800000,"minVersion":"3.0.5","node8DeploysDisabledAfter":1613390400000,"node8RuntimeDisabledAfter":1615809600000,"node8WarnAfter":1600128000000}
